app/build/intermediates/manifest_merge_blame_file/release/manifest-merger-blame-release-report.txt
1<?xml version="1.0" encoding="utf-8"?>
2<manifest xmlns:android="http://schemas.android.com/apk/res/android"
3    package="com.monkeyzero.notes"
4    android:versionCode="1"
5    android:versionName="1.0" >
6
7    <uses-sdk
8        android:minSdkVersion="23"
8-->src\main\AndroidManifest.xml
9        android:targetSdkVersion="30" />
9-->src\main\AndroidManifest.xml
10
11    <!-- 连接网络权限，用于执行云端语音能力 -->
12    <uses-permission android:name="android.permission.INTERNET" />
12-->src\main\AndroidManifest.xml:7:5-66
12-->src\main\AndroidManifest.xml:7:22-64
13    <!-- 获取手机录音机使用权限，听写、识别、语义理解需要用到此权限 -->
14    <uses-permission android:name="android.permission.RECORD_AUDIO" />
14-->src\main\AndroidManifest.xml:9:5-70
14-->src\main\AndroidManifest.xml:9:22-68
15    <uses-permission android:name="Manifest.permission.RECORD_AUDIO" />
15-->src\main\AndroidManifest.xml:10:5-72
15-->src\main\AndroidManifest.xml:10:22-69
16    <!-- 读取网络信息状态 -->
17    <uses-permission android:name="android.permission.ACCESS_NETWORK_STATE" />
17-->src\main\AndroidManifest.xml:12:5-78
17-->src\main\AndroidManifest.xml:12:22-76
18    <!-- 获取当前wifi状态 -->
19    <uses-permission android:name="android.permission.ACCESS_WIFI_STATE" />
19-->src\main\AndroidManifest.xml:14:5-75
19-->src\main\AndroidManifest.xml:14:22-73
20    <!-- 允许程序改变网络连接状态 -->
21    <uses-permission android:name="android.permission.CHANGE_NETWORK_STATE" />
21-->src\main\AndroidManifest.xml:16:5-78
21-->src\main\AndroidManifest.xml:16:22-76
22    <!-- 读取手机信息权限 -->
23    <uses-permission android:name="android.permission.READ_PHONE_STATE" />
23-->src\main\AndroidManifest.xml:18:5-74
23-->src\main\AndroidManifest.xml:18:22-72
24    <!-- 读取联系人权限，上传联系人需要用到此权限 -->
25    <uses-permission android:name="android.permission.READ_CONTACTS" />
25-->src\main\AndroidManifest.xml:20:5-71
25-->src\main\AndroidManifest.xml:20:22-69
26    <!-- 外存储写权限，构建语法需要用到此权限 -->
27    <uses-permission android:name="android.permission.WRITE_EXTERNAL_STORAGE" />
27-->src\main\AndroidManifest.xml:22:5-80
27-->src\main\AndroidManifest.xml:22:22-78
28    <!-- 外存储读权限，构建语法需要用到此权限 -->
29    <uses-permission android:name="android.permission.READ_EXTERNAL_STORAGE" />
29-->src\main\AndroidManifest.xml:24:5-79
29-->src\main\AndroidManifest.xml:24:22-77
30    <!-- 配置权限，用来记录应用配置信息 -->
31    <uses-permission android:name="android.permission.WRITE_SETTINGS" />
31-->src\main\AndroidManifest.xml:26:5-27:47
31-->src\main\AndroidManifest.xml:26:22-70
32
33    <application
33-->src\main\AndroidManifest.xml:29:5-56:19
34        android:name="com.monkeyzero.notes.MyApplication"
34-->src\main\AndroidManifest.xml:30:9-38
35        android:allowBackup="true"
35-->src\main\AndroidManifest.xml:32:9-35
36        android:appComponentFactory="androidx.core.app.CoreComponentFactory"
36-->[androidx.core:core:1.3.1] AndroidManifest.xml:24:18-86
37        android:extractNativeLibs="true"
37-->src\main\AndroidManifest.xml:31:9-41
38        android:fullBackupContent="false"
38-->src\main\AndroidManifest.xml:33:9-42
39        android:icon="@mipmap/ic_launcher"
39-->src\main\AndroidManifest.xml:34:9-43
40        android:label="@string/app_name"
40-->src\main\AndroidManifest.xml:35:9-41
41        android:requestLegacyExternalStorage="true"
41-->src\main\AndroidManifest.xml:36:9-52
42        android:roundIcon="@mipmap/ic_launcher_round"
42-->src\main\AndroidManifest.xml:37:9-54
43        android:supportsRtl="true"
43-->src\main\AndroidManifest.xml:38:9-35
44        android:theme="@style/FullScreen" >
44-->src\main\AndroidManifest.xml:39:9-42
45        <activity
45-->src\main\AndroidManifest.xml:42:9-45:57
46            android:name="com.monkeyzero.notes.activites.CreateNoteActivity"
46-->src\main\AndroidManifest.xml:43:13-57
47            android:screenOrientation="portrait"
47-->src\main\AndroidManifest.xml:44:13-49
48            android:windowSoftInputMode="stateHidden" />
48-->src\main\AndroidManifest.xml:45:13-54
49        <activity
49-->src\main\AndroidManifest.xml:46:9-55:20
50            android:name="com.monkeyzero.notes.activites.MainActivity"
50-->src\main\AndroidManifest.xml:47:13-51
51            android:screenOrientation="portrait"
51-->src\main\AndroidManifest.xml:48:13-49
52            android:windowSoftInputMode="stateHidden" >
52-->src\main\AndroidManifest.xml:49:13-54
53            <intent-filter>
53-->src\main\AndroidManifest.xml:50:13-54:29
54                <action android:name="android.intent.action.MAIN" />
54-->src\main\AndroidManifest.xml:51:17-69
54-->src\main\AndroidManifest.xml:51:25-66
55
56                <category android:name="android.intent.category.LAUNCHER" />
56-->src\main\AndroidManifest.xml:53:17-77
56-->src\main\AndroidManifest.xml:53:27-74
57            </intent-filter>
58        </activity>
59
60        <service
60-->[androidx.room:room-runtime:2.2.5] AndroidManifest.xml:25:9-28:40
61            android:name="androidx.room.MultiInstanceInvalidationService"
61-->[androidx.room:room-runtime:2.2.5] AndroidManifest.xml:26:13-74
62            android:directBootAware="true"
62-->[androidx.room:room-runtime:2.2.5] AndroidManifest.xml:27:13-43
63            android:exported="false" />
63-->[androidx.room:room-runtime:2.2.5] AndroidManifest.xml:28:13-37
64    </application>
65
66</manifest>